<?xml version="1.0" encoding="UTF-8"?>
<testng-results ignored="0" total="1" passed="1" failed="0" skipped="0">
  <reporter-output>
  </reporter-output>
  <suite started-at="2024-01-04T21:20:31 IST" name="Default suite" finished-at="2024-01-04T21:22:14 IST" duration-ms="103006">
    <groups>
    </groups>
    <test started-at="2024-01-04T21:20:31 IST" name="Default test" finished-at="2024-01-04T21:22:14 IST" duration-ms="103006">
      <class name="testPages.LoginPage_Tests">
        <test-method is-config="true" signature="setupMethod()[pri:0, instance:testPages.LoginPage_Tests@4c51cf28]" started-at="2024-01-04T21:20:31 IST" name="setupMethod" finished-at="2024-01-04T21:22:08 IST" duration-ms="96722" status="PASS">
          <reporter-output>
          </reporter-output>
        </test-method> <!-- setupMethod -->
        <test-method signature="logins(java.lang.Object)[pri:0, instance:testPages.LoginPage_Tests@4c51cf28]" started-at="2024-01-04T21:22:08 IST" name="logins" data-provider="Test" finished-at="2024-01-04T21:22:14 IST" duration-ms="6195" status="PASS">
          <params>
            <param index="0">
              <value>
                <![CDATA[{password=admin123, username=Admin}]]>
              </value>
            </param>
          </params>
          <reporter-output>
          </reporter-output>
        </test-method> <!-- logins -->
        <test-method is-config="true" signature="cleanUp()[pri:0, instance:testPages.LoginPage_Tests@4c51cf28]" started-at="2024-01-04T21:22:14 IST" name="cleanUp" finished-at="2024-01-04T21:22:14 IST" duration-ms="0" status="PASS">
          <reporter-output>
          </reporter-output>
        </test-method> <!-- cleanUp -->
      </class> <!-- testPages.LoginPage_Tests -->
    </test> <!-- Default test -->
  </suite> <!-- Default suite -->
</testng-results>
